<?xml version="1.0" encoding="UTF-8"?>
<!-- Generated by org.testng.reporters.JUnitReportReporter -->
<testsuite name="com.selenium.Test.UIMainscript" tests="3" time="7.549" ignored="2" failures="0" timestamp="13 Oct 2017 09:16:55 GMT" skipped="1" hostname="C1128" errors="1">
  <testcase name="loadconfig" time="0.000" classname="com.selenium.Test.UIMainscript">
    <error type="com.selenium.exception.PropertiesHandleException" message="ERROR IN RETRIVING DATA FROM -- RootFolder">
      <![CDATA[com.selenium.exception.PropertiesHandleException: ERROR IN RETRIVING DATA FROM -- RootFolder
	at com.selenium.Configuration.PropertiesHandle.RdmsValue(PropertiesHandle.java:117)
	at com.selenium.Configuration.PropertiesHandle.ScreenshotPath(PropertiesHandle.java:191)
	at com.selenium.Configuration.PropertiesHandle.WriteProperty(PropertiesHandle.java:80)
	at com.selenium.Configuration.PropertiesHandle.<init>(PropertiesHandle.java:50)
	at com.selenium.Test.UIMainscript.loadconfig(UIMainscript.java:80)
	at sun.reflect.NativeMethodAccessorImpl.invoke0(Native Method)
	at sun.reflect.NativeMethodAccessorImpl.invoke(NativeMethodAccessorImpl.java:62)
	at sun.reflect.DelegatingMethodAccessorImpl.invoke(DelegatingMethodAccessorImpl.java:43)
	at java.lang.reflect.Method.invoke(Method.java:497)
	at org.testng.internal.MethodInvocationHelper.invokeMethod(MethodInvocationHelper.java:104)
	at org.testng.internal.Invoker.invokeConfigurationMethod(Invoker.java:515)
	at org.testng.internal.Invoker.invokeConfigurations(Invoker.java:217)
	at org.testng.internal.Invoker.invokeConfigurations(Invoker.java:144)
	at org.testng.TestRunner.beforeRun(TestRunner.java:634)
	at org.testng.TestRunner.run(TestRunner.java:602)
	at org.testng.SuiteRunner.runTest(SuiteRunner.java:387)
	at org.testng.SuiteRunner.access$000(SuiteRunner.java:39)
	at org.testng.SuiteRunner$SuiteWorker.run(SuiteRunner.java:421)
	at org.testng.internal.thread.ThreadUtil$2.call(ThreadUtil.java:64)
	at java.util.concurrent.FutureTask.run(FutureTask.java:266)
	at java.util.concurrent.ThreadPoolExecutor.runWorker(ThreadPoolExecutor.java:1142)
	at java.util.concurrent.ThreadPoolExecutor$Worker.run(ThreadPoolExecutor.java:617)
	at java.lang.Thread.run(Thread.java:745)
Caused by: com.selenium.exception.DatabaseException: PROBLEM WITH RESULT-SET OBTAINED FROM DB
	at com.selenium.SupportingClasses.DatabaseOperation.GetDataObjects(DatabaseOperation.java:118)
	at com.selenium.Configuration.PropertiesHandle.RdmsValue(PropertiesHandle.java:107)
	... 22 more
Caused by: com.mysql.jdbc.exceptions.jdbc4.CommunicationsException: Communications link failure

Last packet sent to the server was 5 ms ago.
	at sun.reflect.NativeConstructorAccessorImpl.newInstance0(Native Method)
	at sun.reflect.NativeConstructorAccessorImpl.newInstance(NativeConstructorAccessorImpl.java:62)
	at sun.reflect.DelegatingConstructorAccessorImpl.newInstance(DelegatingConstructorAccessorImpl.java:45)
	at java.lang.reflect.Constructor.newInstance(Constructor.java:422)
	at com.mysql.jdbc.Util.handleNewInstance(Util.java:406)
	at com.mysql.jdbc.SQLError.createCommunicationsException(SQLError.java:1074)
	at com.mysql.jdbc.MysqlIO.reuseAndReadPacket(MysqlIO.java:2985)
	at com.mysql.jdbc.MysqlIO.reuseAndReadPacket(MysqlIO.java:2871)
	at com.mysql.jdbc.MysqlIO.checkErrorPacket(MysqlIO.java:3414)
	at com.mysql.jdbc.MysqlIO.sendCommand(MysqlIO.java:1936)
	at com.mysql.jdbc.MysqlIO.sqlQueryDirect(MysqlIO.java:2060)
	at com.mysql.jdbc.ConnectionImpl.execSQL(ConnectionImpl.java:2536)
	at com.mysql.jdbc.ConnectionImpl.execSQL(ConnectionImpl.java:2465)
	at com.mysql.jdbc.StatementImpl.executeQuery(StatementImpl.java:1383)
	at com.selenium.SupportingClasses.DatabaseOperation.GetDataObjects(DatabaseOperation.java:99)
	... 23 more
Caused by: java.net.SocketException: Socket closed
	at java.net.SocketInputStream.socketRead0(Native Method)
	at java.net.SocketInputStream.socketRead(SocketInputStream.java:116)
	at java.net.SocketInputStream.read(SocketInputStream.java:170)
	at java.net.SocketInputStream.read(SocketInputStream.java:141)
	at com.mysql.jdbc.util.ReadAheadInputStream.fill(ReadAheadInputStream.java:113)
	at com.mysql.jdbc.util.ReadAheadInputStream.readFromUnderlyingStreamIfNecessary(ReadAheadInputStream.java:160)
	at com.mysql.jdbc.util.ReadAheadInputStream.read(ReadAheadInputStream.java:188)
	at com.mysql.jdbc.MysqlIO.readFully(MysqlIO.java:2428)
	at com.mysql.jdbc.MysqlIO.reuseAndReadPacket(MysqlIO.java:2882)
	... 31 more
]]>
    </error>
  </testcase> <!-- loadconfig -->
  <testcase name="Login" time="0.002" classname="com.selenium.Test.UIMainscript">
    <skipped/>
  </testcase> <!-- Login -->
  <testcase name="Login" time="7.547" classname="com.selenium.Test.UIMainscript"/>
  <testcase name="UITest" classname="com.selenium.Test.UIMainscript">
    <skipped/>
  </testcase> <!-- UITest -->
  <testcase name="UITest" classname="com.selenium.Test.UIMainscript">
    <skipped/>
  </testcase> <!-- UITest -->
</testsuite> <!-- com.selenium.Test.UIMainscript -->
